<?xml version="1.0" encoding="UTF-8"?>
<testng-results skipped="0" failed="0" ignored="0" total="2" passed="2">
  <reporter-output>
  </reporter-output>
  <suite name="Default suite" duration-ms="61774" started-at="2018-07-05T13:46:27Z" finished-at="2018-07-05T13:47:29Z">
    <groups>
    </groups>
    <test name="Default test" duration-ms="61774" started-at="2018-07-05T13:46:27Z" finished-at="2018-07-05T13:47:29Z">
      <class name="Test.ToyTestCaseForGlobalNavigation">
        <test-method status="PASS" signature="setup()[pri:0, instance:Test.ToyTestCaseForGlobalNavigation@4671e53b]" name="setup" is-config="true" duration-ms="24733" started-at="2018-07-05T19:16:27Z" finished-at="2018-07-05T19:16:52Z">
          <reporter-output>
          </reporter-output>
        </test-method> <!-- setup -->
        <test-method status="PASS" signature="zipCodeFetaures_15055()[pri:1, instance:Test.ToyTestCaseForGlobalNavigation@4671e53b]" name="zipCodeFetaures_15055" duration-ms="22578" started-at="2018-07-05T19:16:52Z" finished-at="2018-07-05T19:17:15Z">
          <reporter-output>
          </reporter-output>
        </test-method> <!-- zipCodeFetaures_15055 -->
        <test-method status="PASS" signature="verifyClickFunctionalityOfCertifiedUsedVehicles()[pri:2, instance:Test.ToyTestCaseForGlobalNavigation@4671e53b]" name="verifyClickFunctionalityOfCertifiedUsedVehicles" duration-ms="1529" started-at="2018-07-05T19:17:15Z" finished-at="2018-07-05T19:17:16Z">
          <reporter-output>
          </reporter-output>
        </test-method> <!-- verifyClickFunctionalityOfCertifiedUsedVehicles -->
        <test-method status="PASS" signature="close()[pri:0, instance:Test.ToyTestCaseForGlobalNavigation@4671e53b]" name="close" is-config="true" duration-ms="12776" started-at="2018-07-05T19:17:16Z" finished-at="2018-07-05T19:17:29Z">
          <reporter-output>
          </reporter-output>
        </test-method> <!-- close -->
      </class> <!-- Test.ToyTestCaseForGlobalNavigation -->
    </test> <!-- Default test -->
  </suite> <!-- Default suite -->
</testng-results>
