<?xml version="1.0" encoding="UTF-8"?>
<testng-results skipped="0" failed="0" ignored="0" total="2" passed="2">
  <reporter-output>
  </reporter-output>
  <suite name="Default suite" duration-ms="57692" started-at="2018-07-04T13:10:47Z" finished-at="2018-07-04T13:11:45Z">
    <groups>
    </groups>
    <test name="Default test" duration-ms="57692" started-at="2018-07-04T13:10:47Z" finished-at="2018-07-04T13:11:45Z">
      <class name="Test.ToyTestCaseForGlobalNavigation">
        <test-method status="PASS" signature="setup()[pri:0, instance:Test.ToyTestCaseForGlobalNavigation@5b275dab]" name="setup" is-config="true" duration-ms="20986" started-at="2018-07-04T18:40:47Z" finished-at="2018-07-04T18:41:08Z">
          <reporter-output>
          </reporter-output>
        </test-method> <!-- setup -->
        <test-method status="PASS" signature="zipCodeFetaures_15055()[pri:1, instance:Test.ToyTestCaseForGlobalNavigation@5b275dab]" name="zipCodeFetaures_15055" duration-ms="22721" started-at="2018-07-04T18:41:09Z" finished-at="2018-07-04T18:41:31Z">
          <reporter-output>
          </reporter-output>
        </test-method> <!-- zipCodeFetaures_15055 -->
        <test-method status="PASS" signature="verifyClickFunctionalityOfCertifiedUsedVehicles()[pri:2, instance:Test.ToyTestCaseForGlobalNavigation@5b275dab]" name="verifyClickFunctionalityOfCertifiedUsedVehicles" duration-ms="1275" started-at="2018-07-04T18:41:31Z" finished-at="2018-07-04T18:41:33Z">
          <reporter-output>
          </reporter-output>
        </test-method> <!-- verifyClickFunctionalityOfCertifiedUsedVehicles -->
        <test-method status="PASS" signature="close()[pri:0, instance:Test.ToyTestCaseForGlobalNavigation@5b275dab]" name="close" is-config="true" duration-ms="12565" started-at="2018-07-04T18:41:33Z" finished-at="2018-07-04T18:41:45Z">
          <reporter-output>
          </reporter-output>
        </test-method> <!-- close -->
      </class> <!-- Test.ToyTestCaseForGlobalNavigation -->
    </test> <!-- Default test -->
  </suite> <!-- Default suite -->
</testng-results>
