<?xml version="1.0" encoding="UTF-8"?>
<!-- Generated by org.testng.reporters.JUnitXMLReporter -->
<testsuite hostname="RakeshKu-W7" ignored="0" name="Default test" tests="2" failures="0" timestamp="04 Jul 2018 13:11:45 GMT" time="57.692" errors="0">
  <testcase name="zipCodeFetaures_15055" time="22.721" classname="Test.ToyTestCaseForGlobalNavigation"/>
  <testcase name="verifyClickFunctionalityOfCertifiedUsedVehicles" time="1.275" classname="Test.ToyTestCaseForGlobalNavigation"/>
</testsuite> <!-- Default test -->
