<?xml version="1.0" encoding="UTF-8"?>
<!-- Generated by org.testng.reporters.JUnitXMLReporter -->
<testsuite hostname="RakeshKu-W7" ignored="0" name="Default test" tests="2" failures="0" timestamp="05 Jul 2018 13:47:29 GMT" time="61.774" errors="0">
  <testcase name="zipCodeFetaures_15055" time="22.578" classname="Test.ToyTestCaseForGlobalNavigation"/>
  <testcase name="verifyClickFunctionalityOfCertifiedUsedVehicles" time="1.529" classname="Test.ToyTestCaseForGlobalNavigation"/>
</testsuite> <!-- Default test -->
